0 info it worked if it ends with ok
1 verbose cli [ 'node', '/Users/MB/.node/bin/npm', 'install' ]
2 info using npm@2.0.0
3 info using node@v0.10.32
4 verbose node symlink /usr/local/bin/node
5 warn package.json shopping-list@0.0.0 No README data
6 verbose readDependencies using package.json deps
7 verbose install where, deps [ '/Users/MB/dev/thinkful/shopping-list',
7 verbose install   [ 'another-one', 'mongoose', 'package-name' ] ]
8 info preinstall shopping-list@0.0.0
9 verbose readDependencies using package.json deps
10 verbose cache add [ 'package-name@1.0.0', null ]
11 verbose cache add spec="package-name@1.0.0" args=["package-name@1.0.0",null]
12 verbose parsed spec { raw: 'package-name@1.0.0',
12 verbose parsed spec   scope: null,
12 verbose parsed spec   name: 'package-name',
12 verbose parsed spec   rawSpec: '1.0.0',
12 verbose parsed spec   spec: '1.0.0',
12 verbose parsed spec   type: 'version' }
13 verbose cache add [ 'another-one@0.5.2', null ]
14 verbose cache add spec="another-one@0.5.2" args=["another-one@0.5.2",null]
15 verbose parsed spec { raw: 'another-one@0.5.2',
15 verbose parsed spec   scope: null,
15 verbose parsed spec   name: 'another-one',
15 verbose parsed spec   rawSpec: '0.5.2',
15 verbose parsed spec   spec: '0.5.2',
15 verbose parsed spec   type: 'version' }
16 verbose cache add [ 'mongoose@^3.8.16', null ]
17 verbose cache add spec="mongoose@^3.8.16" args=["mongoose@^3.8.16",null]
18 verbose parsed spec { raw: 'mongoose@^3.8.16',
18 verbose parsed spec   scope: null,
18 verbose parsed spec   name: 'mongoose',
18 verbose parsed spec   rawSpec: '^3.8.16',
18 verbose parsed spec   spec: '>=3.8.16 <4.0.0',
18 verbose parsed spec   type: 'range' }
19 verbose parsed spec { raw: 'package-name@1.0.0',
19 verbose parsed spec   scope: null,
19 verbose parsed spec   name: 'package-name',
19 verbose parsed spec   rawSpec: '1.0.0',
19 verbose parsed spec   spec: '1.0.0',
19 verbose parsed spec   type: 'version' }
20 verbose addNamed [ 'package-name', '1.0.0' ]
21 verbose addNamed [ '1.0.0', '1.0.0' ]
22 verbose parsed spec { raw: 'another-one@0.5.2',
22 verbose parsed spec   scope: null,
22 verbose parsed spec   name: 'another-one',
22 verbose parsed spec   rawSpec: '0.5.2',
22 verbose parsed spec   spec: '0.5.2',
22 verbose parsed spec   type: 'version' }
23 verbose addNamed [ 'another-one', '0.5.2' ]
24 verbose addNamed [ '0.5.2', '0.5.2' ]
25 verbose parsed spec { raw: 'mongoose@^3.8.16',
25 verbose parsed spec   scope: null,
25 verbose parsed spec   name: 'mongoose',
25 verbose parsed spec   rawSpec: '^3.8.16',
25 verbose parsed spec   spec: '>=3.8.16 <4.0.0',
25 verbose parsed spec   type: 'range' }
26 verbose addNamed [ 'mongoose', '>=3.8.16 <4.0.0' ]
27 verbose addNamed [ null, '>=3.8.16 <4.0.0' ]
28 silly lockFile 59f736ee-package-name-1-0-0 package-name@1.0.0
29 verbose lock package-name@1.0.0 /Users/MB/.npm/59f736ee-package-name-1-0-0.lock
30 silly lockFile 21281a5e-another-one-0-5-2 another-one@0.5.2
31 verbose lock another-one@0.5.2 /Users/MB/.npm/21281a5e-another-one-0-5-2.lock
32 silly lockFile df6f3cf4-mongoose-3-8-16-4-0-0 mongoose@>=3.8.16 <4.0.0
33 verbose lock mongoose@>=3.8.16 <4.0.0 /Users/MB/.npm/df6f3cf4-mongoose-3-8-16-4-0-0.lock
34 verbose mapToRegistry name package-name
35 verbose mapToRegistry uri https://registry.npmjs.org/package-name
36 verbose mapToRegistry name another-one
37 verbose mapToRegistry uri https://registry.npmjs.org/another-one
38 silly addNameRange { name: 'mongoose', range: '>=3.8.16 <4.0.0', hasData: false }
39 verbose mapToRegistry name mongoose
40 verbose mapToRegistry uri https://registry.npmjs.org/mongoose
41 silly addNameRange number 2 { name: 'mongoose', range: '>=3.8.16 <4.0.0', hasData: true }
42 silly addNameRange versions [ 'mongoose',
42 silly addNameRange   [ '0.0.1',
42 silly addNameRange     '0.0.2',
42 silly addNameRange     '0.0.3',
42 silly addNameRange     '0.0.4',
42 silly addNameRange     '0.0.5',
42 silly addNameRange     '1.0.0',
42 silly addNameRange     '1.0.1',
42 silly addNameRange     '1.0.2',
42 silly addNameRange     '0.0.6',
42 silly addNameRange     '1.0.3',
42 silly addNameRange     '1.0.4',
42 silly addNameRange     '1.0.5',
42 silly addNameRange     '1.0.6',
42 silly addNameRange     '1.0.7',
42 silly addNameRange     '1.0.8',
42 silly addNameRange     '1.0.10',
42 silly addNameRange     '1.0.11',
42 silly addNameRange     '1.0.12',
42 silly addNameRange     '1.0.13',
42 silly addNameRange     '1.0.14',
42 silly addNameRange     '1.0.15',
42 silly addNameRange     '1.0.16',
42 silly addNameRange     '1.1.0',
42 silly addNameRange     '1.1.1',
42 silly addNameRange     '1.1.2',
42 silly addNameRange     '1.1.3',
42 silly addNameRange     '1.1.4',
42 silly addNameRange     '1.1.5',
42 silly addNameRange     '1.1.6',
42 silly addNameRange     '1.1.7',
42 silly addNameRange     '1.1.8',
42 silly addNameRange     '1.1.9',
42 silly addNameRange     '1.1.10',
42 silly addNameRange     '1.1.11',
42 silly addNameRange     '1.1.12',
42 silly addNameRange     '1.1.13',
42 silly addNameRange     '1.1.14',
42 silly addNameRange     '1.1.15',
42 silly addNameRange     '1.1.16',
42 silly addNameRange     '1.1.17',
42 silly addNameRange     '1.1.18',
42 silly addNameRange     '1.1.19',
42 silly addNameRange     '1.1.20',
42 silly addNameRange     '1.1.21',
42 silly addNameRange     '1.1.22',
42 silly addNameRange     '1.1.23',
42 silly addNameRange     '1.1.24',
42 silly addNameRange     '1.1.25',
42 silly addNameRange     '1.2.0',
42 silly addNameRange     '1.3.0',
42 silly addNameRange     '1.3.1',
42 silly addNameRange     '1.3.2',
42 silly addNameRange     '1.3.3',
42 silly addNameRange     '1.3.4',
42 silly addNameRange     '1.3.5',
42 silly addNameRange     '1.3.6',
42 silly addNameRange     '1.3.7',
42 silly addNameRange     '1.4.0',
42 silly addNameRange     '1.5.0',
42 silly addNameRange     '1.6.0',
42 silly addNameRange     '1.7.2',
42 silly addNameRange     '1.7.3',
42 silly addNameRange     '1.7.4',
42 silly addNameRange     '1.8.0',
42 silly addNameRange     '1.8.1',
42 silly addNameRange     '1.8.2',
42 silly addNameRange     '1.8.3',
42 silly addNameRange     '1.8.4',
42 silly addNameRange     '2.0.0',
42 silly addNameRange     '2.0.1',
42 silly addNameRange     '2.0.2',
42 silly addNameRange     '2.0.3',
42 silly addNameRange     '2.0.4',
42 silly addNameRange     '2.1.0',
42 silly addNameRange     '2.1.1',
42 silly addNameRange     '2.1.2',
42 silly addNameRange     '2.1.3',
42 silly addNameRange     '2.1.4',
42 silly addNameRange     '2.2.0',
42 silly addNameRange     '2.2.1',
42 silly addNameRange     '2.2.2',
42 silly addNameRange     '2.2.3',
42 silly addNameRange     '2.2.4',
42 silly addNameRange     '2.3.0',
42 silly addNameRange     '2.3.1',
42 silly addNameRange     '2.3.2',
42 silly addNameRange     '2.3.3',
42 silly addNameRange     '2.3.4',
42 silly addNameRange     '2.3.5',
42 silly addNameRange     '2.3.6',
42 silly addNameRange     '2.3.7',
42 silly addNameRange     '2.3.8',
42 silly addNameRange     '2.3.9',
42 silly addNameRange     '2.3.10',
42 silly addNameRange     '2.3.11',
42 silly addNameRange     '2.3.12',
42 silly addNameRange     '2.3.13',
42 silly addNameRange     '2.4.0',
42 silly addNameRange     '2.4.1',
42 silly addNameRange     '2.4.2',
42 silly addNameRange     '2.4.3',
42 silly addNameRange     '2.4.4',
42 silly addNameRange     '2.4.5',
42 silly addNameRange     '2.4.6',
42 silly addNameRange     '2.4.7',
42 silly addNameRange     '2.4.8',
42 silly addNameRange     '2.4.9',
42 silly addNameRange     '2.4.10',
42 silly addNameRange     '2.5.0',
42 silly addNameRange     '2.5.1',
42 silly addNameRange     '2.5.2',
42 silly addNameRange     '2.5.3',
42 silly addNameRange     '2.5.4',
42 silly addNameRange     '2.5.5',
42 silly addNameRange     '2.5.6',
42 silly addNameRange     '2.5.7',
42 silly addNameRange     '2.5.8',
42 silly addNameRange     '2.5.9',
42 silly addNameRange     '2.5.10',
42 silly addNameRange     '2.5.11',
42 silly addNameRange     '2.5.12',
42 silly addNameRange     '2.5.13',
42 silly addNameRange     '2.5.14',
42 silly addNameRange     '2.6.0',
42 silly addNameRange     '2.6.1',
42 silly addNameRange     '2.6.2',
42 silly addNameRange     '2.6.3',
42 silly addNameRange     '2.6.4',
42 silly addNameRange     '2.6.5',
42 silly addNameRange     '2.6.6',
42 silly addNameRange     '2.6.7',
42 silly addNameRange     '2.6.8',
42 silly addNameRange     '2.7.0',
42 silly addNameRange     '2.7.1',
42 silly addNameRange     '2.7.2',
42 silly addNameRange     '2.7.4',
42 silly addNameRange     '2.7.3',
42 silly addNameRange     '3.0.0',
42 silly addNameRange     '3.0.1',
42 silly addNameRange     '3.0.2',
42 silly addNameRange     '2.8.0',
42 silly addNameRange     '3.0.3',
42 silly addNameRange     '3.1.0',
42 silly addNameRange     '2.8.1',
42 silly addNameRange     '3.1.1',
42 silly addNameRange     '2.8.2',
42 silly addNameRange     '2.8.3',
42 silly addNameRange     '2.9.0',
42 silly addNameRange     '3.2.0',
42 silly addNameRange     '2.9.1',
42 silly addNameRange     '3.2.1',
42 silly addNameRange     '2.9.2',
42 silly addNameRange     '3.2.2',
42 silly addNameRange     '3.3.0',
42 silly addNameRange     '3.3.1',
42 silly addNameRange     '2.9.3',
42 silly addNameRange     '3.4.0',
42 silly addNameRange     '2.9.4',
42 silly addNameRange     '2.9.5',
42 silly addNameRange     '3.5.0',
42 silly addNameRange     '3.5.1',
42 silly addNameRange     '3.5.2',
42 silly addNameRange     '3.5.3',
42 silly addNameRange     '2.9.6',
42 silly addNameRange     '2.9.7',
42 silly addNameRange     '3.5.4',
42 silly addNameRange     '3.5.5',
42 silly addNameRange     '2.9.8',
42 silly addNameRange     '2.9.9',
42 silly addNameRange     '3.5.6',
42 silly addNameRange     '3.5.7',
42 silly addNameRange     '3.5.8',
42 silly addNameRange     '2.9.10',
42 silly addNameRange     '3.5.9',
42 silly addNameRange     '3.6.2',
42 silly addNameRange     '3.5.10',
42 silly addNameRange     '3.6.3',
42 silly addNameRange     '3.5.11',
42 silly addNameRange     '3.6.4',
42 silly addNameRange     '3.6.5',
42 silly addNameRange     '3.6.6',
42 silly addNameRange     '3.6.7',
42 silly addNameRange     '3.5.12',
42 silly addNameRange     '3.6.8',
42 silly addNameRange     '3.6.9',
42 silly addNameRange     '3.6.10',
42 silly addNameRange     '3.5.13',
42 silly addNameRange     '3.5.14',
42 silly addNameRange     '3.6.11',
42 silly addNameRange     '3.6.12',
42 silly addNameRange     '3.6.13',
42 silly addNameRange     '3.6.14',
42 silly addNameRange     '3.6.15',
42 silly addNameRange     '3.5.15',
42 silly addNameRange     '3.7.0',
42 silly addNameRange     '3.6.16',
42 silly addNameRange     '3.5.16',
42 silly addNameRange     '3.6.17',
42 silly addNameRange     '3.7.2',
42 silly addNameRange     '3.0.0-alpha1',
42 silly addNameRange     '3.0.0-alpha2',
42 silly addNameRange     '3.0.0-rc0',
42 silly addNameRange     '3.6.0-rc0',
42 silly addNameRange     '3.6.0-rc1',
42 silly addNameRange     '3.6.18',
42 silly addNameRange     '3.7.3',
42 silly addNameRange     '3.6.19',
42 silly addNameRange     '3.6.20',
42 silly addNameRange     '3.7.4',
42 silly addNameRange     '3.8.0',
42 silly addNameRange     '3.8.1',
42 silly addNameRange     '3.8.2',
42 silly addNameRange     '3.8.3',
42 silly addNameRange     '3.8.4',
42 silly addNameRange     '3.8.5',
42 silly addNameRange     '3.8.6',
42 silly addNameRange     '3.8.7',
42 silly addNameRange     '3.8.8',
42 silly addNameRange     '3.8.9',
42 silly addNameRange     '3.8.10',
42 silly addNameRange     '3.8.11',
42 silly addNameRange     '3.9.0',
42 silly addNameRange     '3.8.12',
42 silly addNameRange     '3.8.13',
42 silly addNameRange     '3.8.14',
42 silly addNameRange     '3.8.15',
42 silly addNameRange     '3.9.1',
42 silly addNameRange     '3.8.16',
42 silly addNameRange     '3.9.2',
42 silly addNameRange     '3.8.17' ] ]
43 verbose addNamed [ 'mongoose', '3.8.17' ]
44 verbose addNamed [ '3.8.17', '3.8.17' ]
45 silly lockFile a4695088-mongoose-3-8-17 mongoose@3.8.17
46 verbose lock mongoose@3.8.17 /Users/MB/.npm/a4695088-mongoose-3-8-17.lock
47 silly lockFile 21281a5e-another-one-0-5-2 another-one@0.5.2
48 silly lockFile 21281a5e-another-one-0-5-2 another-one@0.5.2
49 silly lockFile 59f736ee-package-name-1-0-0 package-name@1.0.0
50 silly lockFile 59f736ee-package-name-1-0-0 package-name@1.0.0
51 silly lockFile a4695088-mongoose-3-8-17 mongoose@3.8.17
52 silly lockFile a4695088-mongoose-3-8-17 mongoose@3.8.17
53 silly lockFile df6f3cf4-mongoose-3-8-16-4-0-0 mongoose@>=3.8.16 <4.0.0
54 silly lockFile df6f3cf4-mongoose-3-8-16-4-0-0 mongoose@>=3.8.16 <4.0.0
55 verbose stack Error: 404 Not Found: another-one
55 verbose stack     at RegClient.<anonymous> (/Users/MB/.node/lib/node_modules/npm/node_modules/npm-registry-client/lib/request.js:258:14)
55 verbose stack     at Request._callback (/Users/MB/.node/lib/node_modules/npm/node_modules/npm-registry-client/lib/request.js:197:65)
55 verbose stack     at Request.self.callback (/Users/MB/.node/lib/node_modules/npm/node_modules/npm-registry-client/node_modules/request/request.js:237:22)
55 verbose stack     at Request.emit (events.js:98:17)
55 verbose stack     at Request.<anonymous> (/Users/MB/.node/lib/node_modules/npm/node_modules/npm-registry-client/node_modules/request/request.js:1146:14)
55 verbose stack     at Request.emit (events.js:117:20)
55 verbose stack     at IncomingMessage.<anonymous> (/Users/MB/.node/lib/node_modules/npm/node_modules/npm-registry-client/node_modules/request/request.js:1097:12)
55 verbose stack     at IncomingMessage.emit (events.js:117:20)
55 verbose stack     at _stream_readable.js:943:16
55 verbose stack     at process._tickCallback (node.js:419:13)
56 verbose statusCode 404
57 verbose pkgid another-one
58 verbose cwd /Users/MB/dev/thinkful/shopping-list
59 error Darwin 13.4.0
60 error argv "node" "/Users/MB/.node/bin/npm" "install"
61 error node v0.10.32
62 error npm  v2.0.0
63 error code E404
64 error 404 Not Found: another-one
64 error 404
64 error 404 'another-one' is not in the npm registry.
64 error 404 You should bug the author to publish it (or use the name yourself!)
64 error 404 It was specified as a dependency of 'shopping-list'
64 error 404
64 error 404 Note that you can also install from a
64 error 404 tarball, folder, http url, or git url.
65 verbose exit [ 1, true ]
